CRITICAL - 2022-11-03 05:24:26 --> syntax error, unexpected token "public", expecting end of file
in APPPATH/Models/NewsModel.php on line 11.
 1 SYSTEMPATH/Autoloader/Autoloader.php(259): CodeIgniter\Autoloader\Autoloader->includeFile()
 2 SYSTEMPATH/Autoloader/Autoloader.php(237): CodeIgniter\Autoloader\Autoloader->loadInNamespace()
 3 [internal function]: CodeIgniter\Autoloader\Autoloader->loadClass()
 4 SYSTEMPATH/Config/Factories.php(152): class_exists()
 5 SYSTEMPATH/Config/Factories.php(122): CodeIgniter\Config\Factories::locateClass()
 6 SYSTEMPATH/Config/Factories.php(83): CodeIgniter\Config\Factories::__callStatic()
 7 SYSTEMPATH/Common.php(817): CodeIgniter\Config\Factories::models()
 8 APPPATH/Controllers/News.php(11): model()
 9 SYSTEMPATH/CodeIgniter.php(902): App\Controllers\News->index()
10 SYSTEMPATH/CodeIgniter.php(457): CodeIgniter\CodeIgniter->runController()
11 SYSTEMPATH/CodeIgniter.php(340): CodeIgniter\CodeIgniter->handleRequest()
12 FCPATH/index.php(67): CodeIgniter\CodeIgniter->run()
CRITICAL - 2022-11-03 05:25:51 --> syntax error, unexpected token "public", expecting end of file
in APPPATH/Models/NewsModel.php on line 11.
 1 SYSTEMPATH/Autoloader/Autoloader.php(259): CodeIgniter\Autoloader\Autoloader->includeFile()
 2 SYSTEMPATH/Autoloader/Autoloader.php(237): CodeIgniter\Autoloader\Autoloader->loadInNamespace()
 3 [internal function]: CodeIgniter\Autoloader\Autoloader->loadClass()
 4 SYSTEMPATH/Config/Factories.php(152): class_exists()
 5 SYSTEMPATH/Config/Factories.php(122): CodeIgniter\Config\Factories::locateClass()
 6 SYSTEMPATH/Config/Factories.php(83): CodeIgniter\Config\Factories::__callStatic()
 7 SYSTEMPATH/Common.php(817): CodeIgniter\Config\Factories::models()
 8 APPPATH/Controllers/News.php(11): model()
 9 SYSTEMPATH/CodeIgniter.php(902): App\Controllers\News->index()
10 SYSTEMPATH/CodeIgniter.php(457): CodeIgniter\CodeIgniter->runController()
11 SYSTEMPATH/CodeIgniter.php(340): CodeIgniter\CodeIgniter->handleRequest()
12 FCPATH/index.php(67): CodeIgniter\CodeIgniter->run()
CRITICAL - 2022-11-03 05:25:52 --> syntax error, unexpected token "public", expecting end of file
in APPPATH/Models/NewsModel.php on line 11.
 1 SYSTEMPATH/Autoloader/Autoloader.php(259): CodeIgniter\Autoloader\Autoloader->includeFile()
 2 SYSTEMPATH/Autoloader/Autoloader.php(237): CodeIgniter\Autoloader\Autoloader->loadInNamespace()
 3 [internal function]: CodeIgniter\Autoloader\Autoloader->loadClass()
 4 SYSTEMPATH/Config/Factories.php(152): class_exists()
 5 SYSTEMPATH/Config/Factories.php(122): CodeIgniter\Config\Factories::locateClass()
 6 SYSTEMPATH/Config/Factories.php(83): CodeIgniter\Config\Factories::__callStatic()
 7 SYSTEMPATH/Common.php(817): CodeIgniter\Config\Factories::models()
 8 APPPATH/Controllers/News.php(11): model()
 9 SYSTEMPATH/CodeIgniter.php(902): App\Controllers\News->index()
10 SYSTEMPATH/CodeIgniter.php(457): CodeIgniter\CodeIgniter->runController()
11 SYSTEMPATH/CodeIgniter.php(340): CodeIgniter\CodeIgniter->handleRequest()
12 FCPATH/index.php(67): CodeIgniter\CodeIgniter->run()
CRITICAL - 2022-11-03 05:25:54 --> syntax error, unexpected token "public", expecting end of file
in APPPATH/Models/NewsModel.php on line 11.
 1 SYSTEMPATH/Autoloader/Autoloader.php(259): CodeIgniter\Autoloader\Autoloader->includeFile()
 2 SYSTEMPATH/Autoloader/Autoloader.php(237): CodeIgniter\Autoloader\Autoloader->loadInNamespace()
 3 [internal function]: CodeIgniter\Autoloader\Autoloader->loadClass()
 4 SYSTEMPATH/Config/Factories.php(152): class_exists()
 5 SYSTEMPATH/Config/Factories.php(122): CodeIgniter\Config\Factories::locateClass()
 6 SYSTEMPATH/Config/Factories.php(83): CodeIgniter\Config\Factories::__callStatic()
 7 SYSTEMPATH/Common.php(817): CodeIgniter\Config\Factories::models()
 8 APPPATH/Controllers/News.php(11): model()
 9 SYSTEMPATH/CodeIgniter.php(902): App\Controllers\News->index()
10 SYSTEMPATH/CodeIgniter.php(457): CodeIgniter\CodeIgniter->runController()
11 SYSTEMPATH/CodeIgniter.php(340): CodeIgniter\CodeIgniter->handleRequest()
12 FCPATH/index.php(67): CodeIgniter\CodeIgniter->run()
CRITICAL - 2022-11-03 05:26:49 --> syntax error, unexpected token "public", expecting end of file
in APPPATH/Models/NewsModel.php on line 11.
 1 SYSTEMPATH/Autoloader/Autoloader.php(259): CodeIgniter\Autoloader\Autoloader->includeFile()
 2 SYSTEMPATH/Autoloader/Autoloader.php(237): CodeIgniter\Autoloader\Autoloader->loadInNamespace()
 3 [internal function]: CodeIgniter\Autoloader\Autoloader->loadClass()
 4 SYSTEMPATH/Config/Factories.php(152): class_exists()
 5 SYSTEMPATH/Config/Factories.php(122): CodeIgniter\Config\Factories::locateClass()
 6 SYSTEMPATH/Config/Factories.php(83): CodeIgniter\Config\Factories::__callStatic()
 7 SYSTEMPATH/Common.php(817): CodeIgniter\Config\Factories::models()
 8 APPPATH/Controllers/News.php(11): model()
 9 SYSTEMPATH/CodeIgniter.php(902): App\Controllers\News->index()
10 SYSTEMPATH/CodeIgniter.php(457): CodeIgniter\CodeIgniter->runController()
11 SYSTEMPATH/CodeIgniter.php(340): CodeIgniter\CodeIgniter->handleRequest()
12 FCPATH/index.php(67): CodeIgniter\CodeIgniter->run()
